<?xml version="1.0" encoding="UTF-8"?>
<!-- Generated by org.testng.reporters.JUnitXMLReporter -->
<testsuite ignored="0" hostname="kadams" failures="1" tests="7" name="Test" time="54.735" errors="0" timestamp="2024-05-09T16:56:46 EDT">
  <testcase classname="testCases.TC_001_AccountRegistrationTest" name="verify_account_registration" time="5.287"/>
  <testcase classname="testCases.TC_002_LoginTest" name="verify_Account_Login" time="1.929"/>
  <testcase classname="testCases.TC_003_LoginDDTTest" name="verify_loginDDT" time="3.152"/>
  <testcase classname="testCases.TC_003_LoginDDTTest" name="verify_loginDDT" time="3.018"/>
  <testcase classname="testCases.TC_003_LoginDDTTest" name="verify_loginDDT" time="3.157">
    <failure type="java.lang.AssertionError" message="expected [true] but found [false]">
      <![CDATA[java.lang.AssertionError: expected [true] but found [false]
at testCases.TC_003_LoginDDTTest.verify_loginDDT(TC_003_LoginDDTTest.java:64)
at java.base/java.util.ArrayList.forEach(ArrayList.java:1511)
... Removed 31 stack frames]]>
    </failure>
  </testcase> <!-- verify_loginDDT -->
  <testcase classname="testCases.TC_003_LoginDDTTest" name="verify_loginDDT" time="11.968"/>
  <testcase classname="testCases.TC_003_LoginDDTTest" name="verify_loginDDT" time="3.579"/>
</testsuite> <!-- Test -->
